[debug] [2022-10-28T00:02:13.748Z] ----------------------------------------------------------------------
[debug] [2022-10-28T00:02:13.750Z] Command:       /usr/local/bin/node /Users/joshuacooper/.npm-global/bin/firebase deploy --only hosting
[debug] [2022-10-28T00:02:13.750Z] CLI Version:   11.14.1
[debug] [2022-10-28T00:02:13.751Z] Platform:      darwin
[debug] [2022-10-28T00:02:13.751Z] Node Version:  v16.17.0
[debug] [2022-10-28T00:02:13.752Z] Time:          Thu Oct 27 2022 17:02:13 GMT-0700 (Pacific Daylight Time)
[debug] [2022-10-28T00:02:13.752Z] ----------------------------------------------------------------------
[debug] 
[debug] [2022-10-28T00:02:13.808Z] > command requires scopes: ["email","openid","https://www.googleapis.com/auth/cloudplatformprojects.readonly","https://www.googleapis.com/auth/firebase","https://www.googleapis.com/auth/cloud-platform"]
[debug] [2022-10-28T00:02:13.808Z] > authorizing via signed-in user (jjdcooper6@gmail.com)
[debug] [2022-10-28T00:02:13.808Z] [iam] checking project ucl-portal for permissions ["firebase.projects.get","firebasehosting.sites.update"]
[debug] [2022-10-28T00:02:13.810Z] >>> [apiv2][query] POST https://cloudresourcemanager.googleapis.com/v1/projects/ucl-portal:testIamPermissions [none]
[debug] [2022-10-28T00:02:13.811Z] >>> [apiv2][(partial)header] POST https://cloudresourcemanager.googleapis.com/v1/projects/ucl-portal:testIamPermissions x-goog-quota-user=projects/ucl-portal
[debug] [2022-10-28T00:02:13.811Z] >>> [apiv2][body] POST https://cloudresourcemanager.googleapis.com/v1/projects/ucl-portal:testIamPermissions {"permissions":["firebase.projects.get","firebasehosting.sites.update"]}
[debug] [2022-10-28T00:02:14.083Z] <<< [apiv2][status] POST https://cloudresourcemanager.googleapis.com/v1/projects/ucl-portal:testIamPermissions 200
[debug] [2022-10-28T00:02:14.083Z] <<< [apiv2][body] POST https://cloudresourcemanager.googleapis.com/v1/projects/ucl-portal:testIamPermissions {"permissions":["firebase.projects.get","firebasehosting.sites.update"]}
[debug] [2022-10-28T00:02:14.084Z] >>> [apiv2][query] GET https://firebase.googleapis.com/v1beta1/projects/ucl-portal [none]
[debug] [2022-10-28T00:02:14.558Z] <<< [apiv2][status] GET https://firebase.googleapis.com/v1beta1/projects/ucl-portal 200
[debug] [2022-10-28T00:02:14.558Z] <<< [apiv2][body] GET https://firebase.googleapis.com/v1beta1/projects/ucl-portal {"projectId":"ucl-portal","projectNumber":"140824959795","displayName":"ucl-portal","name":"projects/ucl-portal","resources":{"hostingSite":"ucl-portal"},"state":"ACTIVE","etag":"1_70318930-5326-4527-abf8-06fae5c1fb33"}
[info] 
[info] === Deploying to 'ucl-portal'...
[info] 
[info] i  deploying hosting 
[debug] [2022-10-28T00:02:14.561Z] >>> [apiv2][query] POST https://firebasehosting.googleapis.com/v1beta1/projects/-/sites/ucl-portal/versions [none]
[debug] [2022-10-28T00:02:14.561Z] >>> [apiv2][body] POST https://firebasehosting.googleapis.com/v1beta1/projects/-/sites/ucl-portal/versions {"status":"CREATED","labels":{"deployment-tool":"cli-firebase"}}
[debug] [2022-10-28T00:02:15.406Z] <<< [apiv2][status] POST https://firebasehosting.googleapis.com/v1beta1/projects/-/sites/ucl-portal/versions 200
[debug] [2022-10-28T00:02:15.407Z] <<< [apiv2][body] POST https://firebasehosting.googleapis.com/v1beta1/projects/-/sites/ucl-portal/versions {"name":"projects/140824959795/sites/ucl-portal/versions/7b8f71e7f8d2cd8c","status":"CREATED","config":{},"labels":{"deployment-tool":"cli-firebase"}}
[info] i  hosting[ucl-portal]: beginning deploy... 
[info] i  hosting[ucl-portal]: found 19 files in build 
[debug] [2022-10-28T00:02:15.421Z] [hosting] uploading with 200 concurrency
[debug] [2022-10-28T00:02:15.638Z] [hosting] hash cache [YnVpbGQ] stored for 19 files
[debug] [2022-10-28T00:02:15.638Z] [hosting][hash queue][FINAL] {"max":203,"min":19,"avg":31.789473684210527,"active":0,"complete":19,"success":19,"errored":0,"retried":0,"total":19,"elapsed":214}
[debug] [2022-10-28T00:02:15.639Z] >>> [apiv2][query] POST https://firebasehosting.googleapis.com/v1beta1/projects/140824959795/sites/ucl-portal/versions/7b8f71e7f8d2cd8c:populateFiles [none]
[debug] [2022-10-28T00:02:15.639Z] >>> [apiv2][body] POST https://firebasehosting.googleapis.com/v1beta1/projects/140824959795/sites/ucl-portal/versions/7b8f71e7f8d2cd8c:populateFiles {"files":{"/asset-manifest.json":"34496af250b3f8f5db29d1c683c03fa97ccf72e0e27522331a9242c43fe7601b","/index.html":"ee7e990eb75cb64b313542bba93d78013da2675b0ce9397100c66addc294007b","/logo192.png":"caff018b7f1e8fd481eb1c50d75b0ef236bcd5078b1d15c8bb348453fee30293","/logo512.png":"191fc21360b4ccfb1cda11a1efb97f489ed22672ca83f4064316802bbfdd750e","/manifest.json":"341d52628782f8ac9290bbfc43298afccb47b7cbfcee146ae30cf0f46bc30900","/robots.txt":"391d14b3c2f8c9143a27a28c7399585142228d4d1bdbe2c87ac946de411fa9a2","/static/css/main.03bacbff.css":"171e994a471ce28ad5fb41731fe2b161bbc82855d633507e9256e3ec2217f8df","/static/js/787.779c17e0.chunk.js":"ccb434b0c8cc09ac50a0efd85b757dc1a8fa22de28450e2a502d7aea69f12189","/static/css/main.03bacbff.css.map":"5a2706c0aff7c8d1e9d865fbf7da5c5d2216ca4f528120769cba3d77ba9efd2b","/static/js/main.df7bcf93.js.LICENSE.txt":"ef86693c4e64a9924079399ba0cd1649e8882030138c6afdc824e7b3fab610b4","/static/js/787.779c17e0.chunk.js.map":"3fca7693dcf9eceb38911f97636395e9a7e94838bd04aef36736d250995af167","/favicon.ico":"b72f7455f00e4e58792d2bca892abb068e2213838c0316d6b7a0d6d16acd1955","/static/media/check.793b3f2cf0894e0305c1729764a22a01.svg":"e89c604c482395d139a12224fc23240bb4fdf1bd1dd56b08e199a4fd9c6f99a3","/static/media/negative.b4290d11b015f52e894c653b1216cacc.svg":"d573acb2ee1e744e680c22ad82f768bf7d2264187d8acf89ea46b23e5a0ed93c","/static/media/search.65a7fd1428ac118d9cf16258119a0165.svg":"cfa97f0384d5bafff39fa636c4bb000623b4482e91b68ae76cae9593a14fe712","/static/media/thumb.5711378f0a50c5c23a29c465b6391210.svg":"6e13079ca06660167dcab2b96c4fc3b1a7bd86faaf4abb209f047d07960aa39c","/static/media/logo.f915f3aabfa25aaa599f.png":"60360ab42c1b2a839a008138ea353fff300035ea3f4b8240283fcbd7a412e774","/static/js/main.df7bcf93.js":"8bacdb919d9ec5b75474eae569553159d90b6db305a3b318c57a023b15d2d032","/static/js/main.df7bcf93.js.map":"720e4c6783bb45d98e1a31aeab8929c1847a6379d3027d925867463e1af41ed6"}}
[debug] [2022-10-28T00:02:16.328Z] <<< [apiv2][status] POST https://firebasehosting.googleapis.com/v1beta1/projects/140824959795/sites/ucl-portal/versions/7b8f71e7f8d2cd8c:populateFiles 200
[debug] [2022-10-28T00:02:16.329Z] <<< [apiv2][body] POST https://firebasehosting.googleapis.com/v1beta1/projects/140824959795/sites/ucl-portal/versions/7b8f71e7f8d2cd8c:populateFiles {"uploadRequiredHashes":["ee7e990eb75cb64b313542bba93d78013da2675b0ce9397100c66addc294007b","720e4c6783bb45d98e1a31aeab8929c1847a6379d3027d925867463e1af41ed6","8bacdb919d9ec5b75474eae569553159d90b6db305a3b318c57a023b15d2d032","34496af250b3f8f5db29d1c683c03fa97ccf72e0e27522331a9242c43fe7601b"],"uploadUrl":"https://upload-firebasehosting.googleapis.com/upload/sites/ucl-portal/versions/7b8f71e7f8d2cd8c/files"}
[debug] [2022-10-28T00:02:16.330Z] >>> [apiv2][query] POST https://upload-firebasehosting.googleapis.com/upload/sites/ucl-portal/versions/7b8f71e7f8d2cd8c/files/ee7e990eb75cb64b313542bba93d78013da2675b0ce9397100c66addc294007b [none]
[debug] [2022-10-28T00:02:16.330Z] >>> [apiv2][body] POST https://upload-firebasehosting.googleapis.com/upload/sites/ucl-portal/versions/7b8f71e7f8d2cd8c/files/ee7e990eb75cb64b313542bba93d78013da2675b0ce9397100c66addc294007b [stream]
[debug] [2022-10-28T00:02:16.331Z] >>> [apiv2][query] POST https://upload-firebasehosting.googleapis.com/upload/sites/ucl-portal/versions/7b8f71e7f8d2cd8c/files/720e4c6783bb45d98e1a31aeab8929c1847a6379d3027d925867463e1af41ed6 [none]
[debug] [2022-10-28T00:02:16.331Z] >>> [apiv2][body] POST https://upload-firebasehosting.googleapis.com/upload/sites/ucl-portal/versions/7b8f71e7f8d2cd8c/files/720e4c6783bb45d98e1a31aeab8929c1847a6379d3027d925867463e1af41ed6 [stream]
[debug] [2022-10-28T00:02:16.332Z] >>> [apiv2][query] POST https://upload-firebasehosting.googleapis.com/upload/sites/ucl-portal/versions/7b8f71e7f8d2cd8c/files/8bacdb919d9ec5b75474eae569553159d90b6db305a3b318c57a023b15d2d032 [none]
[debug] [2022-10-28T00:02:16.332Z] >>> [apiv2][body] POST https://upload-firebasehosting.googleapis.com/upload/sites/ucl-portal/versions/7b8f71e7f8d2cd8c/files/8bacdb919d9ec5b75474eae569553159d90b6db305a3b318c57a023b15d2d032 [stream]
[debug] [2022-10-28T00:02:16.333Z] >>> [apiv2][query] POST https://upload-firebasehosting.googleapis.com/upload/sites/ucl-portal/versions/7b8f71e7f8d2cd8c/files/34496af250b3f8f5db29d1c683c03fa97ccf72e0e27522331a9242c43fe7601b [none]
[debug] [2022-10-28T00:02:16.333Z] >>> [apiv2][body] POST https://upload-firebasehosting.googleapis.com/upload/sites/ucl-portal/versions/7b8f71e7f8d2cd8c/files/34496af250b3f8f5db29d1c683c03fa97ccf72e0e27522331a9242c43fe7601b [stream]
[debug] [2022-10-28T00:02:16.334Z] [hosting][populate queue][FINAL] {"max":693,"min":693,"avg":693,"active":0,"complete":1,"success":1,"errored":0,"retried":0,"total":1,"elapsed":697}
[debug] [2022-10-28T00:02:16.334Z] [hosting] uploads queued: 4
[debug] [2022-10-28T00:02:17.089Z] <<< [apiv2][status] POST https://upload-firebasehosting.googleapis.com/upload/sites/ucl-portal/versions/7b8f71e7f8d2cd8c/files/34496af250b3f8f5db29d1c683c03fa97ccf72e0e27522331a9242c43fe7601b 200
[debug] [2022-10-28T00:02:17.089Z] <<< [apiv2][body] POST https://upload-firebasehosting.googleapis.com/upload/sites/ucl-portal/versions/7b8f71e7f8d2cd8c/files/34496af250b3f8f5db29d1c683c03fa97ccf72e0e27522331a9242c43fe7601b [stream]
[debug] [2022-10-28T00:02:17.111Z] <<< [apiv2][status] POST https://upload-firebasehosting.googleapis.com/upload/sites/ucl-portal/versions/7b8f71e7f8d2cd8c/files/ee7e990eb75cb64b313542bba93d78013da2675b0ce9397100c66addc294007b 200
[debug] [2022-10-28T00:02:17.111Z] <<< [apiv2][body] POST https://upload-firebasehosting.googleapis.com/upload/sites/ucl-portal/versions/7b8f71e7f8d2cd8c/files/ee7e990eb75cb64b313542bba93d78013da2675b0ce9397100c66addc294007b [stream]
[debug] [2022-10-28T00:02:17.190Z] <<< [apiv2][status] POST https://upload-firebasehosting.googleapis.com/upload/sites/ucl-portal/versions/7b8f71e7f8d2cd8c/files/720e4c6783bb45d98e1a31aeab8929c1847a6379d3027d925867463e1af41ed6 200
[debug] [2022-10-28T00:02:17.190Z] <<< [apiv2][body] POST https://upload-firebasehosting.googleapis.com/upload/sites/ucl-portal/versions/7b8f71e7f8d2cd8c/files/720e4c6783bb45d98e1a31aeab8929c1847a6379d3027d925867463e1af41ed6 [stream]
[debug] [2022-10-28T00:02:17.253Z] <<< [apiv2][status] POST https://upload-firebasehosting.googleapis.com/upload/sites/ucl-portal/versions/7b8f71e7f8d2cd8c/files/8bacdb919d9ec5b75474eae569553159d90b6db305a3b318c57a023b15d2d032 200
[debug] [2022-10-28T00:02:17.254Z] <<< [apiv2][body] POST https://upload-firebasehosting.googleapis.com/upload/sites/ucl-portal/versions/7b8f71e7f8d2cd8c/files/8bacdb919d9ec5b75474eae569553159d90b6db305a3b318c57a023b15d2d032 [stream]
[debug] [2022-10-28T00:02:17.254Z] [hosting][upload queue][FINAL] {"max":925,"min":760,"avg":832,"active":0,"complete":4,"success":4,"errored":0,"retried":0,"total":4,"elapsed":925}
[info] ✔  hosting[ucl-portal]: file upload complete 
[debug] [2022-10-28T00:02:17.255Z] [hosting] deploy completed after 1846ms
[debug] [2022-10-28T00:02:17.255Z] [
  {
    "config": {
      "public": "build",
      "ignore": [
        "firebase.json",
        "**/.*",
        "**/node_modules/**"
      ],
      "rewrites": [
        {
          "source": "**",
          "destination": "/index.html"
        }
      ],
      "site": "ucl-portal"
    },
    "version": "projects/140824959795/sites/ucl-portal/versions/7b8f71e7f8d2cd8c"
  }
]
[info] i  hosting[ucl-portal]: finalizing version... 
[debug] [2022-10-28T00:02:17.257Z] >>> [apiv2][query] PATCH https://firebasehosting.googleapis.com/v1beta1/projects/-/sites/ucl-portal/versions/7b8f71e7f8d2cd8c updateMask=status%2Cconfig
[debug] [2022-10-28T00:02:17.257Z] >>> [apiv2][body] PATCH https://firebasehosting.googleapis.com/v1beta1/projects/-/sites/ucl-portal/versions/7b8f71e7f8d2cd8c {"status":"FINALIZED","config":{"rewrites":[{"glob":"**","path":"/index.html"}]}}
[debug] [2022-10-28T00:02:17.813Z] <<< [apiv2][status] PATCH https://firebasehosting.googleapis.com/v1beta1/projects/-/sites/ucl-portal/versions/7b8f71e7f8d2cd8c 200
[debug] [2022-10-28T00:02:17.813Z] <<< [apiv2][body] PATCH https://firebasehosting.googleapis.com/v1beta1/projects/-/sites/ucl-portal/versions/7b8f71e7f8d2cd8c {"name":"projects/140824959795/sites/ucl-portal/versions/7b8f71e7f8d2cd8c","status":"FINALIZED","config":{"rewrites":[{"glob":"**","path":"/index.html"}]},"labels":{"deployment-tool":"cli-firebase"},"createTime":"2022-10-28T00:02:15.062592Z","createUser":{"email":"jjdcooper6@gmail.com"},"finalizeTime":"2022-10-28T00:02:17.777250Z","finalizeUser":{"email":"jjdcooper6@gmail.com"}}
[debug] [2022-10-28T00:02:17.813Z] [hosting] finalized version for ucl-portal:[object Object]
[info] ✔  hosting[ucl-portal]: version finalized 
[info] i  hosting[ucl-portal]: releasing new version... 
[debug] [2022-10-28T00:02:17.814Z] >>> [apiv2][query] POST https://firebasehosting.googleapis.com/v1beta1/projects/-/sites/ucl-portal/channels/live/releases versionName=projects%2F140824959795%2Fsites%2Fucl-portal%2Fversions%2F7b8f71e7f8d2cd8c
